<?xml version="1.0" encoding="UTF-8"?>
<testng-results skipped="0" failed="1" ignored="0" total="4" passed="3">
  <reporter-output>
  </reporter-output>
  <suite name="Default suite" duration-ms="182796" started-at="2018-10-28T17:40:53Z" finished-at="2018-10-28T17:43:56Z">
    <groups>
    </groups>
    <test name="Default test" duration-ms="182796" started-at="2018-10-28T17:40:53Z" finished-at="2018-10-28T17:43:56Z">
      <class name="next.com_TestCases.HomePage_contentsTest">
        <test-method status="PASS" signature="SetUp()[pri:0, instance:next.com_TestCases.HomePage_contentsTest@4883b407]" name="SetUp" is-config="true" duration-ms="27329" started-at="2018-10-28T17:40:54Z" finished-at="2018-10-28T17:41:21Z">
          <reporter-output>
          </reporter-output>
        </test-method> <!-- SetUp -->
        <test-method status="PASS" signature="VerifyHomePageContents_MEN()[pri:0, instance:next.com_TestCases.HomePage_contentsTest@4883b407]" name="VerifyHomePageContents_MEN" duration-ms="160" started-at="2018-10-28T17:41:21Z" finished-at="2018-10-28T17:41:21Z">
          <reporter-output>
          </reporter-output>
        </test-method> <!-- VerifyHomePageContents_MEN -->
        <test-method status="PASS" signature="SetUp()[pri:0, instance:next.com_TestCases.HomePage_contentsTest@4883b407]" name="SetUp" is-config="true" duration-ms="47334" started-at="2018-10-28T17:41:21Z" finished-at="2018-10-28T17:42:08Z">
          <reporter-output>
          </reporter-output>
        </test-method> <!-- SetUp -->
        <test-method status="PASS" signature="VerifyHomePageContents_WOMEN()[pri:0, instance:next.com_TestCases.HomePage_contentsTest@4883b407]" name="VerifyHomePageContents_WOMEN" duration-ms="208" started-at="2018-10-28T17:42:08Z" finished-at="2018-10-28T17:42:09Z">
          <reporter-output>
          </reporter-output>
        </test-method> <!-- VerifyHomePageContents_WOMEN -->
        <test-method status="PASS" signature="SetUp()[pri:0, instance:next.com_TestCases.HomePage_contentsTest@4883b407]" name="SetUp" is-config="true" duration-ms="48228" started-at="2018-10-28T17:42:09Z" finished-at="2018-10-28T17:42:57Z">
          <reporter-output>
          </reporter-output>
        </test-method> <!-- SetUp -->
        <test-method status="FAIL" signature="nextLogoTest()[pri:0, instance:next.com_TestCases.HomePage_contentsTest@4883b407]" name="nextLogoTest" duration-ms="128" started-at="2018-10-28T17:42:57Z" finished-at="2018-10-28T17:42:57Z">
          <exception class="java.lang.NullPointerException">
            <full-stacktrace>
              <![CDATA[java.lang.NullPointerException
at next.com_TestCases.HomePage_contentsTest.nextLogoTest(HomePage_contentsTest.java:56)
at sun.reflect.NativeMethodAccessorImpl.invoke0(Native Method)
at sun.reflect.NativeMethodAccessorImpl.invoke(Unknown Source)
at sun.reflect.DelegatingMethodAccessorImpl.invoke(Unknown Source)
at java.lang.reflect.Method.invoke(Unknown Source)
at org.testng.internal.MethodInvocationHelper.invokeMethod(MethodInvocationHelper.java:124)
at org.testng.internal.Invoker.invokeMethod(Invoker.java:583)
at org.testng.internal.Invoker.invokeTestMethod(Invoker.java:719)
at org.testng.internal.Invoker.invokeTestMethods(Invoker.java:989)
at org.testng.internal.TestMethodWorker.invokeTestMethods(TestMethodWorker.java:125)
at org.testng.internal.TestMethodWorker.run(TestMethodWorker.java:109)
at org.testng.TestRunner.privateRun(TestRunner.java:648)
at org.testng.TestRunner.run(TestRunner.java:505)
at org.testng.SuiteRunner.runTest(SuiteRunner.java:455)
at org.testng.SuiteRunner.runSequentially(SuiteRunner.java:450)
at org.testng.SuiteRunner.privateRun(SuiteRunner.java:415)
at org.testng.SuiteRunner.run(SuiteRunner.java:364)
at org.testng.SuiteRunnerWorker.runSuite(SuiteRunnerWorker.java:52)
at org.testng.SuiteRunnerWorker.run(SuiteRunnerWorker.java:84)
at org.testng.TestNG.runSuitesSequentially(TestNG.java:1208)
at org.testng.TestNG.runSuitesLocally(TestNG.java:1137)
at org.testng.TestNG.runSuites(TestNG.java:1049)
at org.testng.TestNG.run(TestNG.java:1017)
at org.testng.remote.AbstractRemoteTestNG.run(AbstractRemoteTestNG.java:114)
at org.testng.remote.RemoteTestNG.initAndRun(RemoteTestNG.java:251)
at org.testng.remote.RemoteTestNG.main(RemoteTestNG.java:77)
]]>
            </full-stacktrace>
          </exception> <!-- java.lang.NullPointerException -->
          <reporter-output>
          </reporter-output>
        </test-method> <!-- nextLogoTest -->
        <test-method status="PASS" signature="SetUp()[pri:0, instance:next.com_TestCases.HomePage_contentsTest@4883b407]" name="SetUp" is-config="true" duration-ms="58777" started-at="2018-10-28T17:42:57Z" finished-at="2018-10-28T17:43:56Z">
          <reporter-output>
          </reporter-output>
        </test-method> <!-- SetUp -->
        <test-method status="PASS" signature="validatePageTittle()[pri:0, instance:next.com_TestCases.HomePage_contentsTest@4883b407]" name="validatePageTittle" duration-ms="300" started-at="2018-10-28T17:43:56Z" finished-at="2018-10-28T17:43:56Z">
          <reporter-output>
          </reporter-output>
        </test-method> <!-- validatePageTittle -->
      </class> <!-- next.com_TestCases.HomePage_contentsTest -->
    </test> <!-- Default test -->
  </suite> <!-- Default suite -->
</testng-results>
